<?xml version="1.0" encoding="UTF-8"?>
<testng-results skipped="0" failed="0" ignored="0" total="1" passed="1">
  <reporter-output>
  </reporter-output>
  <suite name="Default suite" duration-ms="97904" started-at="2020-11-07T19:29:23 IST" finished-at="2020-11-07T19:31:01 IST">
    <groups>
    </groups>
    <test name="Default test" duration-ms="97904" started-at="2020-11-07T19:29:23 IST" finished-at="2020-11-07T19:31:01 IST">
      <class name="AppiumProject1.TestInvalidLogin">
        <test-method status="PASS" signature="Login()[pri:0, instance:AppiumProject1.TestInvalidLogin@646d64ab]" name="Login" is-config="true" duration-ms="31917" started-at="2020-11-07T19:29:23 IST" finished-at="2020-11-07T19:29:55 IST">
          <reporter-output>
          </reporter-output>
        </test-method> <!-- Login -->
        <test-method status="PASS" signature="InvalidLogin()[pri:0, instance:AppiumProject1.TestInvalidLogin@646d64ab]" name="InvalidLogin" duration-ms="62928" started-at="2020-11-07T19:29:55 IST" finished-at="2020-11-07T19:30:58 IST">
          <reporter-output>
          </reporter-output>
        </test-method> <!-- InvalidLogin -->
        <test-method status="PASS" signature="Exit()[pri:0, instance:AppiumProject1.TestInvalidLogin@646d64ab]" name="Exit" is-config="true" duration-ms="2926" started-at="2020-11-07T19:30:58 IST" finished-at="2020-11-07T19:31:01 IST">
          <reporter-output>
          </reporter-output>
        </test-method> <!-- Exit -->
      </class> <!-- AppiumProject1.TestInvalidLogin -->
    </test> <!-- Default test -->
  </suite> <!-- Default suite -->
</testng-results>
